Arguments: 
  /Users/bdane/n/bin/node /Users/bdane/.yarn/bin/yarn.js add ensurism castit kind-of

PATH: 
  /usr/local/opt/tcl-tk/bin:./node_modules/.bin:/Users/bdane/.yarn/bin:/Users/bdane/.config/yarn/global/node_modules/.bin:/usr/local/sbin:/usr/local/opt/tcl-tk/bin:./node_modules/.bin:/Users/bdane/.yarn/bin:/Users/bdane/.config/yarn/global/node_modules/.bin:/usr/local/sbin:/usr/local/opt/tcl-tk/bin:./node_modules/.bin:/Users/bdane/.yarn/bin:/Users/bdane/.config/yarn/global/node_modules/.bin:/usr/local/sbin:/usr/local/opt/tcl-tk/bin:./node_modules/.bin:/Users/bdane/.yarn/bin:/Users/bdane/.config/yarn/global/node_modules/.bin:/usr/local/sbin:/Library/Frameworks/Python.framework/Versions/3.9/bin:/usr/local/bin:/usr/bin:/bin:/usr/sbin:/sbin:/Applications/VMware Fusion.app/Contents/Public:/usr/local/go/bin:/usr/local/MacGPG2/bin:/opt/X11/bin:/Library/Apple/usr/bin:/Applications/Daylight/Current/Utilities/Tools:/Users/bdane/n/bin:/Users/bdane/go/bin:/usr/local/opt/fzf/bin:/Users/bdane/go/bin:/Users/bdane/go/bin:/Users/bdane/go/bin

Yarn version: 
  1.22.5

Node version: 
  15.5.1

Platform: 
  darwin x64

Trace: 
  SyntaxError: /Users/bdane/Projects/Vedas/package.json: Unexpected string in JSON at position 515
      at JSON.parse (<anonymous>)
      at /Users/bdane/.yarn/lib/cli.js:1625:59
      at Generator.next (<anonymous>)
      at step (/Users/bdane/.yarn/lib/cli.js:310:30)
      at /Users/bdane/.yarn/lib/cli.js:321:13

npm manifest: 
  {
    "name": "vedas",
    "version": "1.0.0",
    "description": "A hackable, extendable, functionally-composable way to go about dealing with wrangling types in JavaScript. Auto-casting, coercion, and type inference for the Alice in WOnderland world that is JS runtime.  ",
    "main": "src/index.js",
    "repository": "https://github.com/DaneTheory/Vedas.git",
    "author": "Branden Dane (https://DaneTheory.com) <DaneTheory@gmail.com>",
    "license": "MIT",
    "private": false,
    "scripts": {
      "dev": "echo 'TODO'"
      "test": "echo 'TODO'",
      "build": "echo 'TODO'"
    }
  }

yarn manifest: 
  No manifest

Lockfile: 
  No lockfile
